2025-04-09 09:49:26,799 - INFO - Starting Kafka stream processing...
2025-04-09 09:49:27,375 - ERROR - Pipeline failed: Failed to find data source: kafka. Please deploy the application as per the deployment section of Structured Streaming + Kafka Integration Guide.
2025-04-09 09:49:27,375 - ERROR - Detailed stack trace
Traceback (most recent call last):
  File "/home/kajome/Big Data Essentials/churnpredictions/scripts/spark_pipeline.py", line 464, in <module>
    process_stream()
  File "/home/kajome/Big Data Essentials/churnpredictions/scripts/spark_pipeline.py", line 188, in process_stream
    .load()
     ^^^^^^
  File "/home/kajome/Big Data Essentials/churnpredictions/.venv/lib/python3.12/site-packages/pyspark/sql/streaming/readwriter.py", line 304, in load
    return self._df(self._jreader.load())
                    ^^^^^^^^^^^^^^^^^^^^
  File "/home/kajome/Big Data Essentials/churnpredictions/.venv/lib/python3.12/site-packages/py4j/java_gateway.py", line 1322, in __call__
    return_value = get_return_value(
                   ^^^^^^^^^^^^^^^^^
  File "/home/kajome/Big Data Essentials/churnpredictions/.venv/lib/python3.12/site-packages/pyspark/errors/exceptions/captured.py", line 185, in deco
    raise converted from None
pyspark.errors.exceptions.captured.AnalysisException: Failed to find data source: kafka. Please deploy the application as per the deployment section of Structured Streaming + Kafka Integration Guide.
2025-04-09 09:49:27,724 - INFO - Pipeline completed
2025-04-09 09:49:27,724 - INFO - Closing down clientserver connection
